<?xml version="1.0" encoding="UTF-8"?>
<!-- Generated by org.testng.reporters.JUnitReportReporter -->
<testsuite hostname="LAPTOP-9UKDGCG0" failures="0" tests="1" name="Demo.AlertPopup" time="31.773" errors="0" timestamp="2024-11-25T20:36:33 IST" skipped="0">
  <testcase classname="Demo.AlertPopup" name="tc" time="31.773"/>
</testsuite> <!-- Demo.AlertPopup -->
